[2m2026-07-13T17:24:33.118965Z[0m [31mERROR[0m [2mglazewm[0m[2m:[0m No common ancestor between containers.
[2m2026-07-13T17:24:34.899258Z[0m [31mERROR[0m [2mglazewm[0m[2m:[0m Window has no workspace.
[2m2026-07-13T17:24:35.730031Z[0m [31mERROR[0m [2mglazewm[0m[2m:[0m Window has no workspace.
[2m2026-07-13T17:24:36.153335Z[0m [31mERROR[0m [2mglazewm[0m[2m:[0m Window has no workspace.
[2m2026-07-13T17:24:36.417030Z[0m [31mERROR[0m [2mglazewm[0m[2m:[0m Window has no workspace.
[2m2026-07-13T17:24:36.593556Z[0m [31mERROR[0m [2mglazewm[0m[2m:[0m Window has no workspace.
[2m2026-07-13T17:24:36.751877Z[0m [31mERROR[0m [2mglazewm[0m[2m:[0m Window has no workspace.
[2m2026-07-13T17:24:36.905266Z[0m [31mERROR[0m [2mglazewm[0m[2m:[0m Window has no workspace.
[2m2026-07-13T17:24:37.065494Z[0m [31mERROR[0m [2mglazewm[0m[2m:[0m Window has no workspace.
[2m2026-07-13T17:24:37.201541Z[0m [31mERROR[0m [2mglazewm[0m[2m:[0m Window has no workspace.
[2m2026-07-13T17:24:37.346727Z[0m [31mERROR[0m [2mglazewm[0m[2m:[0m Window has no workspace.
[2m2026-07-13T17:24:37.506431Z[0m [31mERROR[0m [2mglazewm[0m[2m:[0m Window has no workspace.
[2m2026-07-13T17:24:37.954399Z[0m [31mERROR[0m [2mglazewm[0m[2m:[0m Window has no workspace.
[2m2026-07-13T17:24:38.314023Z[0m [31mERROR[0m [2mglazewm[0m[2m:[0m Window has no workspace.
[2m2026-07-13T17:24:38.465721Z[0m [31mERROR[0m [2mglazewm[0m[2m:[0m Window has no workspace.
[2m2026-07-13T17:24:38.610395Z[0m [31mERROR[0m [2mglazewm[0m[2m:[0m Window has no workspace.
[2m2026-07-13T17:24:38.736735Z[0m [31mERROR[0m [2mglazewm[0m[2m:[0m Window has no workspace.
[2m2026-07-13T17:24:43.015453Z[0m [31mERROR[0m [2mglazewm[0m[2m:[0m Window has no workspace.
[2m2026-07-13T17:24:48.256515Z[0m [31mERROR[0m [2mglazewm[0m[2m:[0m Window has no workspace.
[2m2026-07-13T17:24:48.760925Z[0m [31mERROR[0m [2mglazewm[0m[2m:[0m Window has no workspace.
[2m2026-07-13T17:24:48.960700Z[0m [31mERROR[0m [2mglazewm[0m[2m:[0m Window has no workspace.
[2m2026-07-13T17:24:49.113909Z[0m [31mERROR[0m [2mglazewm[0m[2m:[0m Window has no workspace.
[2m2026-07-13T17:24:49.258167Z[0m [31mERROR[0m [2mglazewm[0m[2m:[0m Window has no workspace.
[2m2026-07-13T18:16:22.607461Z[0m [31mERROR[0m [2mglazewm[0m[2m:[0m Shell exec failed for 'zebar'. Make sure the program exists and is accessible from your shell. Error: A operação foi cancelada pelo usuário. (0x800704C7)
[2m2026-07-15T12:52:45.310754Z[0m [31mERROR[0m [2mglazewm[0m[2m:[0m No common ancestor between containers.
[2m2026-07-15T12:52:46.972721Z[0m [31mERROR[0m [2mglazewm[0m[2m:[0m Window has no workspace.
[2m2026-07-15T12:52:47.938576Z[0m [31mERROR[0m [2mglazewm[0m[2m:[0m Window has no workspace.
[2m2026-07-15T12:52:48.264767Z[0m [31mERROR[0m [2mglazewm[0m[2m:[0m Window has no workspace.
[2m2026-07-15T12:52:48.424330Z[0m [31mERROR[0m [2mglazewm[0m[2m:[0m Window has no workspace.
[2m2026-07-15T12:52:48.594153Z[0m [31mERROR[0m [2mglazewm[0m[2m:[0m Window has no workspace.
[2m2026-07-15T12:52:48.854417Z[0m [31mERROR[0m [2mglazewm[0m[2m:[0m Window has no workspace.
[2m2026-07-15T12:52:49.023679Z[0m [31mERROR[0m [2mglazewm[0m[2m:[0m Window has no workspace.
[2m2026-07-15T12:52:49.296550Z[0m [31mERROR[0m [2mglazewm[0m[2m:[0m Window has no workspace.
[2m2026-07-15T12:52:51.318455Z[0m [31mERROR[0m [2mglazewm[0m[2m:[0m Window has no workspace.
[2m2026-07-15T12:52:51.478336Z[0m [31mERROR[0m [2mglazewm[0m[2m:[0m Window has no workspace.
[2m2026-07-15T12:52:51.655498Z[0m [31mERROR[0m [2mglazewm[0m[2m:[0m Window has no workspace.
[2m2026-07-15T17:23:52.268376Z[0m [31mERROR[0m [2mglazewm[0m[2m:[0m general.startup_commands: unexpected argument found
 at line 5 column 21
[2m2026-07-15T17:26:42.564491Z[0m [31mERROR[0m [2mglazewm[0m[2m:[0m general.startup_commands: unexpected argument found
 at line 5 column 21
[2m2026-07-15T17:27:11.641548Z[0m [31mERROR[0m [2mglazewm[0m[2m:[0m general.startup_commands: unexpected argument found
 at line 5 column 21
[2m2026-07-15T17:27:32.794431Z[0m [31mERROR[0m [2mglazewm[0m[2m:[0m general.startup_commands: unexpected argument found
 at line 5 column 21
[2m2026-07-15T17:28:22.196059Z[0m [31mERROR[0m [2mglazewm[0m[2m:[0m general.startup_commands: unexpected argument found
 at line 5 column 21
[2m2026-07-15T22:20:20.461072Z[0m [31mERROR[0m [2mglazewm[0m[2m:[0m No common ancestor between containers.
[2m2026-07-15T22:20:22.910242Z[0m [31mERROR[0m [2mglazewm[0m[2m:[0m Window has no workspace.
[2m2026-07-15T22:20:23.761201Z[0m [31mERROR[0m [2mglazewm[0m[2m:[0m Window has no workspace.
[2m2026-07-15T22:20:23.936442Z[0m [31mERROR[0m [2mglazewm[0m[2m:[0m Window has no workspace.
[2m2026-07-15T22:20:24.097167Z[0m [31mERROR[0m [2mglazewm[0m[2m:[0m Window has no workspace.
[2m2026-07-15T22:20:24.400033Z[0m [31mERROR[0m [2mglazewm[0m[2m:[0m Window has no workspace.
[2m2026-07-15T22:20:24.565733Z[0m [31mERROR[0m [2mglazewm[0m[2m:[0m Window has no workspace.
[2m2026-07-15T22:20:24.700197Z[0m [31mERROR[0m [2mglazewm[0m[2m:[0m Window has no workspace.
[2m2026-07-15T22:20:24.867464Z[0m [31mERROR[0m [2mglazewm[0m[2m:[0m Window has no workspace.
[2m2026-07-15T22:20:24.977956Z[0m [31mERROR[0m [2mglazewm[0m[2m:[0m Window has no workspace.
[2m2026-07-15T23:44:59.036129Z[0m [31mERROR[0m [2mglazewm[0m[2m:[0m No common ancestor between containers.
